<?xml version="1.0" encoding="UTF-8"?>
<testsuite xmlns:xsi="http://www.w3.org/2001/XMLSchema-instance" xsi:noNamespaceSchemaLocation="https://maven.apache.org/surefire/maven-surefire-plugin/xsd/surefire-test-report.xsd" name="pom.domain.CounterTest" time="1.085" tests="4" errors="0" skipped="0" failures="0">
  <properties>
    <property name="java.specification.version" value="15"/>
    <property name="sun.cpu.isalist" value="amd64"/>
    <property name="sun.jnu.encoding" value="Cp1252"/>
    <property name="java.class.path" value="D:\serverless\akkaserverless-covid-help\target\test-classes;D:\serverless\akkaserverless-covid-help\target\classes;C:\Users\Tibco\.m2\repository\com\akkaserverless\akkaserverless-java-sdk\0.7.0-beta.10\akkaserverless-java-sdk-0.7.0-beta.10.jar;C:\Users\Tibco\.m2\repository\org\scala-lang\scala-library\2.13.5\scala-library-2.13.5.jar;C:\Users\Tibco\.m2\repository\com\thesamet\scalapb\scalapb-runtime_2.13\0.10.11\scalapb-runtime_2.13-0.10.11.jar;C:\Users\Tibco\.m2\repository\com\thesamet\scalapb\lenses_2.13\0.10.11\lenses_2.13-0.10.11.jar;C:\Users\Tibco\.m2\repository\org\scala-lang\modules\scala-collection-compat_2.13\2.3.2\scala-collection-compat_2.13-2.3.2.jar;C:\Users\Tibco\.m2\repository\com\lihaoyi\fastparse_2.13\2.3.0\fastparse_2.13-2.3.0.jar;C:\Users\Tibco\.m2\repository\com\lihaoyi\sourcecode_2.13\0.2.1\sourcecode_2.13-0.2.1.jar;C:\Users\Tibco\.m2\repository\com\lihaoyi\geny_2.13\0.6.0\geny_2.13-0.6.0.jar;C:\Users\Tibco\.m2\repository\com\lightbend\akka\grpc\akka-grpc-runtime_2.13\1.1.1\akka-grpc-runtime_2.13-1.1.1.jar;C:\Users\Tibco\.m2\repository\io\grpc\grpc-core\1.35.0\grpc-core-1.35.0.jar;C:\Users\Tibco\.m2\repository\io\grpc\grpc-api\1.35.0\grpc-api-1.35.0.jar;C:\Users\Tibco\.m2\repository\io\grpc\grpc-context\1.35.0\grpc-context-1.35.0.jar;C:\Users\Tibco\.m2\repository\com\google\android\annotations\4.1.1.4\annotations-4.1.1.4.jar;C:\Users\Tibco\.m2\repository\org\codehaus\mojo\animal-sniffer-annotations\1.19\animal-sniffer-annotations-1.19.jar;C:\Users\Tibco\.m2\repository\io\perfmark\perfmark-api\0.23.0\perfmark-api-0.23.0.jar;C:\Users\Tibco\.m2\repository\com\google\code\findbugs\jsr305\3.0.2\jsr305-3.0.2.jar;C:\Users\Tibco\.m2\repository\io\grpc\grpc-netty-shaded\1.35.0\grpc-netty-shaded-1.35.0.jar;C:\Users\Tibco\.m2\repository\com\google\protobuf\protobuf-java\3.11.4\protobuf-java-3.11.4.jar;C:\Users\Tibco\.m2\repository\com\typesafe\akka\akka-slf4j_2.13\2.6.14\akka-slf4j_2.13-2.6.14.jar;C:\Users\Tibco\.m2\repository\com\typesafe\akka\akka-discovery_2.13\2.6.14\akka-discovery_2.13-2.6.14.jar;C:\Users\Tibco\.m2\repository\com\typesafe\akka\akka-http_2.13\10.2.4\akka-http_2.13-10.2.4.jar;C:\Users\Tibco\.m2\repository\com\typesafe\akka\akka-http-core_2.13\10.2.4\akka-http-core_2.13-10.2.4.jar;C:\Users\Tibco\.m2\repository\com\typesafe\akka\akka-parsing_2.13\10.2.4\akka-parsing_2.13-10.2.4.jar;C:\Users\Tibco\.m2\repository\com\twitter\hpack\1.0.2\hpack-1.0.2.jar;C:\Users\Tibco\.m2\repository\com\typesafe\akka\akka-http-spray-json_2.13\10.2.4\akka-http-spray-json_2.13-10.2.4.jar;C:\Users\Tibco\.m2\repository\io\spray\spray-json_2.13\1.3.6\spray-json_2.13-1.3.6.jar;C:\Users\Tibco\.m2\repository\com\typesafe\akka\akka-http2-support_2.13\10.2.4\akka-http2-support_2.13-10.2.4.jar;C:\Users\Tibco\.m2\repository\com\google\protobuf\protobuf-java-util\3.15.1\protobuf-java-util-3.15.1.jar;C:\Users\Tibco\.m2\repository\com\google\guava\guava\30.0-android\guava-30.0-android.jar;C:\Users\Tibco\.m2\repository\com\google\guava\failureaccess\1.0.1\failureaccess-1.0.1.jar;C:\Users\Tibco\.m2\repository\com\google\guava\listenablefuture\9999.0-empty-to-avoid-conflict-with-guava\listenablefuture-9999.0-empty-to-avoid-conflict-with-guava.jar;C:\Users\Tibco\.m2\repository\org\checkerframework\checker-compat-qual\2.5.5\checker-compat-qual-2.5.5.jar;C:\Users\Tibco\.m2\repository\com\google\j2objc\j2objc-annotations\1.3\j2objc-annotations-1.3.jar;C:\Users\Tibco\.m2\repository\com\google\errorprone\error_prone_annotations\2.3.4\error_prone_annotations-2.3.4.jar;C:\Users\Tibco\.m2\repository\com\google\code\gson\gson\2.8.6\gson-2.8.6.jar;C:\Users\Tibco\.m2\repository\com\akkaserverless\akkaserverless-sdk-protocol\0.7.0-beta.9\akkaserverless-sdk-protocol-0.7.0-beta.9.jar;C:\Users\Tibco\.m2\repository\com\fasterxml\jackson\core\jackson-databind\2.11.4\jackson-databind-2.11.4.jar;C:\Users\Tibco\.m2\repository\com\fasterxml\jackson\core\jackson-annotations\2.11.4\jackson-annotations-2.11.4.jar;C:\Users\Tibco\.m2\repository\com\fasterxml\jackson\core\jackson-core\2.11.4\jackson-core-2.11.4.jar;C:\Users\Tibco\.m2\repository\ch\qos\logback\logback-classic\1.2.3\logback-classic-1.2.3.jar;C:\Users\Tibco\.m2\repository\ch\qos\logback\logback-core\1.2.3\logback-core-1.2.3.jar;C:\Users\Tibco\.m2\repository\org\slf4j\slf4j-api\1.7.25\slf4j-api-1.7.25.jar;C:\Users\Tibco\.m2\repository\ch\qos\logback\contrib\logback-json-classic\0.1.5\logback-json-classic-0.1.5.jar;C:\Users\Tibco\.m2\repository\ch\qos\logback\contrib\logback-json-core\0.1.5\logback-json-core-0.1.5.jar;C:\Users\Tibco\.m2\repository\ch\qos\logback\contrib\logback-jackson\0.1.5\logback-jackson-0.1.5.jar;C:\Users\Tibco\.m2\repository\com\typesafe\akka\akka-stream_2.13\2.6.14\akka-stream_2.13-2.6.14.jar;C:\Users\Tibco\.m2\repository\com\typesafe\akka\akka-actor_2.13\2.6.14\akka-actor_2.13-2.6.14.jar;C:\Users\Tibco\.m2\repository\com\typesafe\config\1.4.0\config-1.4.0.jar;C:\Users\Tibco\.m2\repository\org\scala-lang\modules\scala-java8-compat_2.13\0.9.0\scala-java8-compat_2.13-0.9.0.jar;C:\Users\Tibco\.m2\repository\com\typesafe\akka\akka-protobuf-v3_2.13\2.6.14\akka-protobuf-v3_2.13-2.6.14.jar;C:\Users\Tibco\.m2\repository\org\reactivestreams\reactive-streams\1.0.3\reactive-streams-1.0.3.jar;C:\Users\Tibco\.m2\repository\com\typesafe\ssl-config-core_2.13\0.4.2\ssl-config-core_2.13-0.4.2.jar;C:\Users\Tibco\.m2\repository\org\scala-lang\modules\scala-parser-combinators_2.13\1.1.2\scala-parser-combinators_2.13-1.1.2.jar;C:\Users\Tibco\.m2\repository\com\akkaserverless\akkaserverless-java-sdk-testkit\0.7.0-beta.10\akkaserverless-java-sdk-testkit-0.7.0-beta.10.jar;C:\Users\Tibco\.m2\repository\org\testcontainers\testcontainers\1.15.3\testcontainers-1.15.3.jar;C:\Users\Tibco\.m2\repository\org\apache\commons\commons-compress\1.20\commons-compress-1.20.jar;C:\Users\Tibco\.m2\repository\org\rnorth\duct-tape\duct-tape\1.0.8\duct-tape-1.0.8.jar;C:\Users\Tibco\.m2\repository\org\rnorth\visible-assertions\visible-assertions\2.1.2\visible-assertions-2.1.2.jar;C:\Users\Tibco\.m2\repository\net\java\dev\jna\jna\5.2.0\jna-5.2.0.jar;C:\Users\Tibco\.m2\repository\com\github\docker-java\docker-java-api\3.2.8\docker-java-api-3.2.8.jar;C:\Users\Tibco\.m2\repository\com\github\docker-java\docker-java-transport-zerodep\3.2.8\docker-java-transport-zerodep-3.2.8.jar;C:\Users\Tibco\.m2\repository\com\github\docker-java\docker-java-transport\3.2.8\docker-java-transport-3.2.8.jar;C:\Users\Tibco\.m2\repository\junit\junit\4.13.1\junit-4.13.1.jar;C:\Users\Tibco\.m2\repository\org\hamcrest\hamcrest-core\1.3\hamcrest-core-1.3.jar;C:\Users\Tibco\.m2\repository\org\mockito\mockito-core\3.7.0\mockito-core-3.7.0.jar;C:\Users\Tibco\.m2\repository\net\bytebuddy\byte-buddy\1.10.19\byte-buddy-1.10.19.jar;C:\Users\Tibco\.m2\repository\net\bytebuddy\byte-buddy-agent\1.10.19\byte-buddy-agent-1.10.19.jar;C:\Users\Tibco\.m2\repository\org\objenesis\objenesis\3.1\objenesis-3.1.jar;"/>
    <property name="java.vm.vendor" value="Oracle Corporation"/>
    <property name="sun.arch.data.model" value="64"/>
    <property name="user.variant" value=""/>
    <property name="java.vendor.url" value="https://java.oracle.com/"/>
    <property name="user.timezone" value="Asia/Calcutta"/>
    <property name="os.name" value="Windows 10"/>
    <property name="java.vm.specification.version" value="15"/>
    <property name="sun.java.launcher" value="SUN_STANDARD"/>
    <property name="user.country" value="IN"/>
    <property name="sun.boot.library.path" value="C:\Program Files\Java\jdk-15.0.2\bin"/>
    <property name="sun.java.command" value="C:\Users\Tibco\AppData\Local\Temp\surefire7840217736826500360\surefirebooter2180683796165400245.jar C:\Users\Tibco\AppData\Local\Temp\surefire7840217736826500360 2021-07-30T15-38-21_515-jvmRun1 surefire9716713243481028341tmp surefire_09431799828299309113tmp"/>
    <property name="jdk.debug" value="release"/>
    <property name="surefire.test.class.path" value="D:\serverless\akkaserverless-covid-help\target\test-classes;D:\serverless\akkaserverless-covid-help\target\classes;C:\Users\Tibco\.m2\repository\com\akkaserverless\akkaserverless-java-sdk\0.7.0-beta.10\akkaserverless-java-sdk-0.7.0-beta.10.jar;C:\Users\Tibco\.m2\repository\org\scala-lang\scala-library\2.13.5\scala-library-2.13.5.jar;C:\Users\Tibco\.m2\repository\com\thesamet\scalapb\scalapb-runtime_2.13\0.10.11\scalapb-runtime_2.13-0.10.11.jar;C:\Users\Tibco\.m2\repository\com\thesamet\scalapb\lenses_2.13\0.10.11\lenses_2.13-0.10.11.jar;C:\Users\Tibco\.m2\repository\org\scala-lang\modules\scala-collection-compat_2.13\2.3.2\scala-collection-compat_2.13-2.3.2.jar;C:\Users\Tibco\.m2\repository\com\lihaoyi\fastparse_2.13\2.3.0\fastparse_2.13-2.3.0.jar;C:\Users\Tibco\.m2\repository\com\lihaoyi\sourcecode_2.13\0.2.1\sourcecode_2.13-0.2.1.jar;C:\Users\Tibco\.m2\repository\com\lihaoyi\geny_2.13\0.6.0\geny_2.13-0.6.0.jar;C:\Users\Tibco\.m2\repository\com\lightbend\akka\grpc\akka-grpc-runtime_2.13\1.1.1\akka-grpc-runtime_2.13-1.1.1.jar;C:\Users\Tibco\.m2\repository\io\grpc\grpc-core\1.35.0\grpc-core-1.35.0.jar;C:\Users\Tibco\.m2\repository\io\grpc\grpc-api\1.35.0\grpc-api-1.35.0.jar;C:\Users\Tibco\.m2\repository\io\grpc\grpc-context\1.35.0\grpc-context-1.35.0.jar;C:\Users\Tibco\.m2\repository\com\google\android\annotations\4.1.1.4\annotations-4.1.1.4.jar;C:\Users\Tibco\.m2\repository\org\codehaus\mojo\animal-sniffer-annotations\1.19\animal-sniffer-annotations-1.19.jar;C:\Users\Tibco\.m2\repository\io\perfmark\perfmark-api\0.23.0\perfmark-api-0.23.0.jar;C:\Users\Tibco\.m2\repository\com\google\code\findbugs\jsr305\3.0.2\jsr305-3.0.2.jar;C:\Users\Tibco\.m2\repository\io\grpc\grpc-netty-shaded\1.35.0\grpc-netty-shaded-1.35.0.jar;C:\Users\Tibco\.m2\repository\com\google\protobuf\protobuf-java\3.11.4\protobuf-java-3.11.4.jar;C:\Users\Tibco\.m2\repository\com\typesafe\akka\akka-slf4j_2.13\2.6.14\akka-slf4j_2.13-2.6.14.jar;C:\Users\Tibco\.m2\repository\com\typesafe\akka\akka-discovery_2.13\2.6.14\akka-discovery_2.13-2.6.14.jar;C:\Users\Tibco\.m2\repository\com\typesafe\akka\akka-http_2.13\10.2.4\akka-http_2.13-10.2.4.jar;C:\Users\Tibco\.m2\repository\com\typesafe\akka\akka-http-core_2.13\10.2.4\akka-http-core_2.13-10.2.4.jar;C:\Users\Tibco\.m2\repository\com\typesafe\akka\akka-parsing_2.13\10.2.4\akka-parsing_2.13-10.2.4.jar;C:\Users\Tibco\.m2\repository\com\twitter\hpack\1.0.2\hpack-1.0.2.jar;C:\Users\Tibco\.m2\repository\com\typesafe\akka\akka-http-spray-json_2.13\10.2.4\akka-http-spray-json_2.13-10.2.4.jar;C:\Users\Tibco\.m2\repository\io\spray\spray-json_2.13\1.3.6\spray-json_2.13-1.3.6.jar;C:\Users\Tibco\.m2\repository\com\typesafe\akka\akka-http2-support_2.13\10.2.4\akka-http2-support_2.13-10.2.4.jar;C:\Users\Tibco\.m2\repository\com\google\protobuf\protobuf-java-util\3.15.1\protobuf-java-util-3.15.1.jar;C:\Users\Tibco\.m2\repository\com\google\guava\guava\30.0-android\guava-30.0-android.jar;C:\Users\Tibco\.m2\repository\com\google\guava\failureaccess\1.0.1\failureaccess-1.0.1.jar;C:\Users\Tibco\.m2\repository\com\google\guava\listenablefuture\9999.0-empty-to-avoid-conflict-with-guava\listenablefuture-9999.0-empty-to-avoid-conflict-with-guava.jar;C:\Users\Tibco\.m2\repository\org\checkerframework\checker-compat-qual\2.5.5\checker-compat-qual-2.5.5.jar;C:\Users\Tibco\.m2\repository\com\google\j2objc\j2objc-annotations\1.3\j2objc-annotations-1.3.jar;C:\Users\Tibco\.m2\repository\com\google\errorprone\error_prone_annotations\2.3.4\error_prone_annotations-2.3.4.jar;C:\Users\Tibco\.m2\repository\com\google\code\gson\gson\2.8.6\gson-2.8.6.jar;C:\Users\Tibco\.m2\repository\com\akkaserverless\akkaserverless-sdk-protocol\0.7.0-beta.9\akkaserverless-sdk-protocol-0.7.0-beta.9.jar;C:\Users\Tibco\.m2\repository\com\fasterxml\jackson\core\jackson-databind\2.11.4\jackson-databind-2.11.4.jar;C:\Users\Tibco\.m2\repository\com\fasterxml\jackson\core\jackson-annotations\2.11.4\jackson-annotations-2.11.4.jar;C:\Users\Tibco\.m2\repository\com\fasterxml\jackson\core\jackson-core\2.11.4\jackson-core-2.11.4.jar;C:\Users\Tibco\.m2\repository\ch\qos\logback\logback-classic\1.2.3\logback-classic-1.2.3.jar;C:\Users\Tibco\.m2\repository\ch\qos\logback\logback-core\1.2.3\logback-core-1.2.3.jar;C:\Users\Tibco\.m2\repository\org\slf4j\slf4j-api\1.7.25\slf4j-api-1.7.25.jar;C:\Users\Tibco\.m2\repository\ch\qos\logback\contrib\logback-json-classic\0.1.5\logback-json-classic-0.1.5.jar;C:\Users\Tibco\.m2\repository\ch\qos\logback\contrib\logback-json-core\0.1.5\logback-json-core-0.1.5.jar;C:\Users\Tibco\.m2\repository\ch\qos\logback\contrib\logback-jackson\0.1.5\logback-jackson-0.1.5.jar;C:\Users\Tibco\.m2\repository\com\typesafe\akka\akka-stream_2.13\2.6.14\akka-stream_2.13-2.6.14.jar;C:\Users\Tibco\.m2\repository\com\typesafe\akka\akka-actor_2.13\2.6.14\akka-actor_2.13-2.6.14.jar;C:\Users\Tibco\.m2\repository\com\typesafe\config\1.4.0\config-1.4.0.jar;C:\Users\Tibco\.m2\repository\org\scala-lang\modules\scala-java8-compat_2.13\0.9.0\scala-java8-compat_2.13-0.9.0.jar;C:\Users\Tibco\.m2\repository\com\typesafe\akka\akka-protobuf-v3_2.13\2.6.14\akka-protobuf-v3_2.13-2.6.14.jar;C:\Users\Tibco\.m2\repository\org\reactivestreams\reactive-streams\1.0.3\reactive-streams-1.0.3.jar;C:\Users\Tibco\.m2\repository\com\typesafe\ssl-config-core_2.13\0.4.2\ssl-config-core_2.13-0.4.2.jar;C:\Users\Tibco\.m2\repository\org\scala-lang\modules\scala-parser-combinators_2.13\1.1.2\scala-parser-combinators_2.13-1.1.2.jar;C:\Users\Tibco\.m2\repository\com\akkaserverless\akkaserverless-java-sdk-testkit\0.7.0-beta.10\akkaserverless-java-sdk-testkit-0.7.0-beta.10.jar;C:\Users\Tibco\.m2\repository\org\testcontainers\testcontainers\1.15.3\testcontainers-1.15.3.jar;C:\Users\Tibco\.m2\repository\org\apache\commons\commons-compress\1.20\commons-compress-1.20.jar;C:\Users\Tibco\.m2\repository\org\rnorth\duct-tape\duct-tape\1.0.8\duct-tape-1.0.8.jar;C:\Users\Tibco\.m2\repository\org\rnorth\visible-assertions\visible-assertions\2.1.2\visible-assertions-2.1.2.jar;C:\Users\Tibco\.m2\repository\net\java\dev\jna\jna\5.2.0\jna-5.2.0.jar;C:\Users\Tibco\.m2\repository\com\github\docker-java\docker-java-api\3.2.8\docker-java-api-3.2.8.jar;C:\Users\Tibco\.m2\repository\com\github\docker-java\docker-java-transport-zerodep\3.2.8\docker-java-transport-zerodep-3.2.8.jar;C:\Users\Tibco\.m2\repository\com\github\docker-java\docker-java-transport\3.2.8\docker-java-transport-3.2.8.jar;C:\Users\Tibco\.m2\repository\junit\junit\4.13.1\junit-4.13.1.jar;C:\Users\Tibco\.m2\repository\org\hamcrest\hamcrest-core\1.3\hamcrest-core-1.3.jar;C:\Users\Tibco\.m2\repository\org\mockito\mockito-core\3.7.0\mockito-core-3.7.0.jar;C:\Users\Tibco\.m2\repository\net\bytebuddy\byte-buddy\1.10.19\byte-buddy-1.10.19.jar;C:\Users\Tibco\.m2\repository\net\bytebuddy\byte-buddy-agent\1.10.19\byte-buddy-agent-1.10.19.jar;C:\Users\Tibco\.m2\repository\org\objenesis\objenesis\3.1\objenesis-3.1.jar;"/>
    <property name="sun.cpu.endian" value="little"/>
    <property name="user.home" value="C:\Users\Tibco"/>
    <property name="user.language" value="en"/>
    <property name="java.specification.vendor" value="Oracle Corporation"/>
    <property name="java.version.date" value="2021-01-19"/>
    <property name="java.home" value="C:\Program Files\Java\jdk-15.0.2"/>
    <property name="file.separator" value="\"/>
    <property name="basedir" value="D:\serverless\akkaserverless-covid-help"/>
    <property name="java.vm.compressedOopsMode" value="Zero based"/>
    <property name="line.separator" value="&#10;"/>
    <property name="java.vm.specification.vendor" value="Oracle Corporation"/>
    <property name="java.specification.name" value="Java Platform API Specification"/>
    <property name="surefire.real.class.path" value="C:\Users\Tibco\AppData\Local\Temp\surefire7840217736826500360\surefirebooter2180683796165400245.jar"/>
    <property name="user.script" value=""/>
    <property name="sun.management.compiler" value="HotSpot 64-Bit Tiered Compilers"/>
    <property name="java.runtime.version" value="15.0.2+7-27"/>
    <property name="user.name" value="Tibco"/>
    <property name="path.separator" value=";"/>
    <property name="os.version" value="10.0"/>
    <property name="java.runtime.name" value="Java(TM) SE Runtime Environment"/>
    <property name="file.encoding" value="Cp1252"/>
    <property name="java.vm.name" value="Java HotSpot(TM) 64-Bit Server VM"/>
    <property name="localRepository" value="C:\Users\Tibco\.m2\repository"/>
    <property name="java.vendor.url.bug" value="https://bugreport.java.com/bugreport/"/>
    <property name="java.io.tmpdir" value="C:\Users\Tibco\AppData\Local\Temp\"/>
    <property name="java.version" value="15.0.2"/>
    <property name="user.dir" value="D:\serverless\akkaserverless-covid-help"/>
    <property name="os.arch" value="amd64"/>
    <property name="java.vm.specification.name" value="Java Virtual Machine Specification"/>
    <property name="sun.os.patch.level" value=""/>
    <property name="java.library.path" value="C:\Program Files\Java\jdk-15.0.2\bin;C:\WINDOWS\Sun\Java\bin;C:\WINDOWS\system32;C:\WINDOWS;C:\Program Files\Common Files\Oracle\Java\javapath;C:\ProgramData\Oracle\Java\javapath;C:\WINDOWS\system32;C:\WINDOWS;C:\WINDOWS\System32\Wbem;C:\WINDOWS\System32\WindowsPowerShell\v1.0\;C:\WINDOWS\System32\OpenSSH\;C:\Program Files (x86)\sbt\bin;C:\Program Files\Git\cmd;D:\software\grpcurl_1.8.0_windows_x86_64;C:\Program Files\TortoiseGit\bin;D:\software\apache-maven-3.8.1-bin\apache-maven-3.8.1\bin;D:\software\akkasls_windows_amd64;;C:\Program Files\Docker\Docker\resources\bin;C:\ProgramData\DockerDesktop\version-bin;C:\Users\Tibco\AppData\Local\Microsoft\WindowsApps;C:\Program Files\JetBrains\IntelliJ IDEA Community Edition 2021.2\bin;."/>
    <property name="java.vm.info" value="mixed mode, sharing"/>
    <property name="java.vendor" value="Oracle Corporation"/>
    <property name="java.vm.version" value="15.0.2+7-27"/>
    <property name="sun.io.unicode.encoding" value="UnicodeLittle"/>
    <property name="java.class.version" value="59.0"/>
  </properties>
  <testcase name="decreaseTest" classname="pom.domain.CounterTest" time="0.97"/>
  <testcase name="increaseTest" classname="pom.domain.CounterTest" time="0.005"/>
  <testcase name="getCurrentCounterTest" classname="pom.domain.CounterTest" time="0.01"/>
  <testcase name="resetTest" classname="pom.domain.CounterTest" time="0.005"/>
</testsuite>